<?xml version="1.0" encoding="UTF-8"?>
<testsuite xmlns:xsi="http://www.w3.org/2001/XMLSchema-instance" xsi:noNamespaceSchemaLocation="https://maven.apache.org/surefire/maven-surefire-plugin/xsd/surefire-test-report.xsd" name="com.hitema.dao.FilmDaoImplTest" time="0.382" tests="2" errors="0" skipped="1" failures="0">
  <properties>
[...]
</properties>
  <testcase name="searchByTitle" classname="com.hitema.dao.FilmDaoImplTest" time="0.38"/>
  <testcase name="read" classname="com.hitema.dao.FilmDaoImplTest" time="0">
    <skipped message="Le READ n&apos;est encore implementé !!!!"/>
  </testcase>
</testsuite>